<?xml version="1.0" encoding="UTF-8"?>
<testsuite xmlns:xsi="http://www.w3.org/2001/XMLSchema-instance" xsi:noNamespaceSchemaLocation="https://maven.apache.org/surefire/maven-surefire-plugin/xsd/surefire-test-report.xsd" version="3.0.2" name="TestSuite" time="80.088" tests="1" errors="0" skipped="0" failures="0">
  <properties>
[...]
</properties>
  <testcase name="testLoginAndFillForm" classname="com.esbnetworks.tests.FormAutomationTest" time="67.852">
    <system-out><![CDATA[2026-01-17T13:07:54.441971900Z main INFO Starting configuration XmlConfiguration[location=C:\Selenium framework export\esbnetworks (2)\esbnetworks\selenium-form-automation\esb_form_submission\target\classes\log4j2.xml, lastModified=2025-12-25T05:00:35.468Z]...
2026-01-17T13:07:54.445107200Z main INFO Start watching for changes to C:\Selenium framework export\esbnetworks (2)\esbnetworks\selenium-form-automation\esb_form_submission\target\classes\log4j2.xml every 0 seconds
2026-01-17T13:07:54.445107200Z main INFO Configuration XmlConfiguration[location=C:\Selenium framework export\esbnetworks (2)\esbnetworks\selenium-form-automation\esb_form_submission\target\classes\log4j2.xml, lastModified=2025-12-25T05:00:35.468Z] started.
2026-01-17T13:07:54.448666800Z main INFO Stopping configuration org.apache.logging.log4j.core.config.DefaultConfiguration@71ba6d4e...
2026-01-17T13:07:54.449436600Z main INFO Configuration org.apache.logging.log4j.core.config.DefaultConfiguration@71ba6d4e stopped.
2026-01-17 18:37:54 [main] INFO  com.esbnetworks.automation.base.BaseTest - ----------Initializing Selenium WebDriver------------
2026-01-17 18:38:00 [main] INFO  com.esbnetworks.automation.base.BaseTest - Navigating to login page: https://newconnections.esbnetworks.ie/RenewableConnection/RenewableConnectionType
2026-01-17 18:38:04 [main] INFO  com.esbnetworks.automation.base.BaseTest - Starting Login + Form Automation Test
2026-01-17 18:38:04 [main] INFO  com.esbnetworks.automation.base.BaseTest - Logging in as: edel@solarbeo.ie
2026-01-17 18:38:06 [main] INFO  com.esbnetworks.automation.base.BasePage - Typed 'edel@solarbeo.ie' into Username Field
2026-01-17 18:38:07 [main] INFO  com.esbnetworks.automation.base.BasePage - Typed 'Cooleen12024!' into Password Field
2026-01-17 18:38:07 [main] INFO  com.esbnetworks.automation.base.BasePage - Clicked on Login Button
2026-01-17 18:38:07 [main] INFO  com.esbnetworks.automation.base.BasePage - Login action completed successfully.
2026-01-17 18:38:27 [main] INFO  com.esbnetworks.automation.base.BaseTest - ***Filling Form 001***
2026-01-17 18:38:27 [main] INFO  com.esbnetworks.automation.base.BasePage - Typed 'Patrick O'Donnell' into Customer Name
2026-01-17 18:38:28 [main] INFO  com.esbnetworks.automation.base.BasePage - Typed 'patrick.odonnell@example.com' into Customer Email
2026-01-17 18:38:29 [main] INFO  com.esbnetworks.automation.base.BasePage - Typed '0864123987' into Customer Phone
2026-01-17 18:38:29 [main] INFO  com.esbnetworks.automation.base.BasePage - Selecting value '1' from dropdown Installer Position
2026-01-17 18:38:30 [main] INFO  com.esbnetworks.automation.base.BasePage - Typed 'EcoVolt Energy Ltd.' into Installer Company Name
2026-01-17 18:38:30 [main] INFO  com.esbnetworks.automation.base.BasePage - Typed 'Mark Heffernan' into Installer Name
2026-01-17 18:38:30 [main] INFO  com.esbnetworks.automation.base.BasePage - Typed '0877741201' into Installer Phone
2026-01-17 18:38:31 [main] INFO  com.esbnetworks.automation.base.BasePage - Typed '0859123412' into Installer Phone 2
2026-01-17 18:38:31 [main] INFO  com.esbnetworks.automation.base.BasePage - Typed 'mark.heffernan@ecovolt.ie' into Installer Email
2026-01-17 18:38:32 [main] INFO  com.esbnetworks.automation.base.BasePage - Typed '12' into House Number
2026-01-17 18:38:32 [main] INFO  com.esbnetworks.automation.base.BasePage - Typed 'Rathmore Lane' into Street Address
2026-01-17 18:38:32 [main] INFO  com.esbnetworks.automation.base.BasePage - Typed 'Athboy' into Town/City
2026-01-17 18:38:33 [main] INFO  com.esbnetworks.automation.base.BasePage - Typed 'Meath' into County
2026-01-17 18:38:33 [main] INFO  com.esbnetworks.automation.base.BasePage - Selecting value '0' from dropdown Country
2026-01-17 18:38:33 [main] INFO  com.esbnetworks.automation.base.BasePage - Typed 'A82 YD93' into Postal Code
2026-01-17 18:38:33 [main] INFO  com.esbnetworks.automation.base.BasePage - Clicked 'Save & Continue'
2026-01-17 18:38:33 [main] INFO  com.esbnetworks.automation.base.BaseTest - ***Filling Form 002***
2026-01-17 18:38:33 [main] INFO  com.esbnetworks.automation.base.BasePage - Clicking radio button First Install Yes
2026-01-17 18:38:36 [main] WARN  com.esbnetworks.automation.base.BasePage - Standard click failed for First Install Yes, trying JS click
2026-01-17 18:38:36 [main] INFO  com.esbnetworks.automation.base.BasePage - Typed '10005432341' into MRPN Number
2026-01-17 18:38:37 [main] INFO  com.esbnetworks.automation.base.BasePage - Typed 'Site House 1' into Site House
2026-01-17 18:38:37 [main] INFO  com.esbnetworks.automation.base.BasePage - Typed 'Site Street' into Site Street
2026-01-17 18:38:37 [main] INFO  com.esbnetworks.automation.base.BasePage - Typed 'Site Area' into Site Town/Area
2026-01-17 18:38:38 [main] INFO  com.esbnetworks.automation.base.BasePage - Typed 'Dublin' into Site City
2026-01-17 18:38:38 [main] INFO  com.esbnetworks.automation.base.BasePage - Selecting 'CORK' from dropdown Site County
2026-01-17 18:38:38 [main] INFO  com.esbnetworks.automation.base.BasePage - Selecting 'Ireland' from dropdown Site Country
2026-01-17 18:38:38 [main] INFO  com.esbnetworks.automation.base.BasePage - Typed 'D01 AB12' into Site Eircode
2026-01-17 18:38:38 [main] INFO  com.esbnetworks.automation.base.BasePage - Clicking radio button Installed After Jan 2022
2026-01-17 18:38:39 [main] WARN  com.esbnetworks.automation.base.BasePage - Standard click failed for Installed After Jan 2022, trying JS click
2026-01-17 18:38:39 [main] INFO  com.esbnetworks.automation.base.BasePage - Clicking radio button New Connection
2026-01-17 18:38:41 [main] WARN  com.esbnetworks.automation.base.BasePage - Standard click failed for New Connection, trying JS click
2026-01-17 18:38:41 [main] INFO  com.esbnetworks.automation.base.BasePage - Clicking radio button 1 Phase
2026-01-17 18:38:42 [main] WARN  com.esbnetworks.automation.base.BasePage - Standard click failed for 1 Phase, trying JS click
2026-01-17 18:38:42 [main] INFO  com.esbnetworks.automation.base.BasePage - Clicking radio button Energy Source: Solar
2026-01-17 18:38:43 [main] WARN  com.esbnetworks.automation.base.BasePage - Standard click failed for Energy Source: Solar, trying JS click
2026-01-17 18:38:43 [main] INFO  com.esbnetworks.automation.base.BasePage - Typed 'Test Manufacturer' into Manufacturer
2026-01-17 18:38:44 [main] INFO  com.esbnetworks.automation.base.BasePage - Typed 'Test Model X' into Model
2026-01-17 18:38:44 [main] INFO  com.esbnetworks.automation.base.BasePage - Typed '5.0' into Inverter Capacity
2026-01-17 18:38:44 [main] INFO  com.esbnetworks.automation.base.BasePage - Typed '20.0' into Rated Current
2026-01-17 18:38:45 [main] INFO  com.esbnetworks.automation.base.BasePage - Typed '3.00' into Generator Installed
2026-01-17 18:38:45 [main] INFO  com.esbnetworks.automation.base.BasePage - Typed '2.00' into Storage Installed
2026-01-17 18:38:45 [main] INFO  com.esbnetworks.automation.base.BasePage - Clicking radio button Confirm Certification
2026-01-17 18:38:46 [main] WARN  com.esbnetworks.automation.base.BasePage - Standard click failed for Confirm Certification, trying JS click
2026-01-17 18:38:47 [main] INFO  com.esbnetworks.automation.base.BasePage - Clicking radio button Confirm Settings
2026-01-17 18:38:49 [main] INFO  com.esbnetworks.automation.base.BasePage - Clicked 'Save'
2026-01-17 18:38:59 [main] INFO  com.esbnetworks.automation.base.BaseTest - Unit Type Test Certificate file uploaded successfully!
2026-01-17 18:39:04 [main] INFO  com.esbnetworks.automation.base.BaseTest - Form 2 filled and file uploaded successfully!
2026-01-17 18:39:04 [main] INFO  com.esbnetworks.automation.base.BaseTest - ***Filling Form 003***
2026-01-17 18:39:04 [main] INFO  com.esbnetworks.automation.base.BasePage - JS clicked with change event: Post Registered Installer YES
2026-01-17 18:39:04 [main] INFO  com.esbnetworks.automation.base.BasePage - Typed '123456' into Safe Electric Number
2026-01-17 18:39:04 [main] INFO  com.esbnetworks.automation.base.BasePage - JS clicked with change event: Post Single Stage Voltage YES
2026-01-17 18:39:04 [main] INFO  com.esbnetworks.automation.base.BasePage - JS clicked with change event: Post Two Stage Voltage Settings Stage 2 YES
2026-01-17 18:39:05 [main] INFO  com.esbnetworks.automation.base.BasePage - JS clicked with change event: Post Under Voltage YES
2026-01-17 18:39:05 [main] INFO  com.esbnetworks.automation.base.BasePage - JS clicked with change event: Post Over Frequency YES
2026-01-17 18:39:05 [main] INFO  com.esbnetworks.automation.base.BasePage - JS clicked with change event: Post Under Frequency YES
2026-01-17 18:39:05 [main] INFO  com.esbnetworks.automation.base.BasePage - JS clicked with change event: Post ROCOF YES
2026-01-17 18:39:05 [main] INFO  com.esbnetworks.automation.base.BasePage - JS clicked with change event: Post Vector Shift YES
2026-01-17 18:39:05 [main] INFO  com.esbnetworks.automation.base.BasePage - JS clicked with change event: Post Installation Confirmed by Installer
2026-01-17 18:39:05 [main] INFO  com.esbnetworks.automation.base.BaseTest - Form 3 filled and checkbox clicked successfully!
]]></system-out>
    <system-err><![CDATA[SLF4J: Failed to load class "org.slf4j.impl.StaticLoggerBinder".
SLF4J: Defaulting to no-operation (NOP) logger implementation
SLF4J: See http://www.slf4j.org/codes.html#StaticLoggerBinder for further details.
Jan 17, 2026 6:38:00 PM org.openqa.selenium.devtools.CdpVersionFinder findNearestMatch
WARNING: Unable to find CDP implementation matching 143
Jan 17, 2026 6:38:00 PM org.openqa.selenium.chromium.ChromiumDriver lambda$new$5
WARNING: Unable to find version of CDP to use for 143.0.7499.193. You may need to include a dependency on a specific version of the CDP using something similar to `org.seleniumhq.selenium:selenium-devtools-v86:4.27.0` where the version ("v86") matches the version of the chromium-based browser you're using and the version number of the artifact is the same as Selenium's.
]]></system-err>
  </testcase>
</testsuite>