<?xml version="1.0" encoding="UTF-8"?>
<testsuite xmlns:xsi="http://www.w3.org/2001/XMLSchema-instance" xsi:noNamespaceSchemaLocation="https://maven.apache.org/surefire/maven-surefire-plugin/xsd/surefire-test-report.xsd" version="3.0.2" name="TestSuite" time="193.51" tests="1" errors="0" skipped="0" failures="0">
  <properties>
[...]
</properties>
  <testcase name="testLoginAndFillForm" classname="com.esbnetworks.tests.FormAutomationTest" time="150.23">
    <system-out><![CDATA[2026-01-28T16:41:27.275252Z main INFO Starting configuration XmlConfiguration[location=C:\Selenium framework export\esbnetworks (2)\esbnetworks\selenium-form-automation\esb_form_submission\target\classes\log4j2.xml, lastModified=2025-12-25T05:00:35.468Z]...
2026-01-28T16:41:27.280610800Z main INFO Start watching for changes to C:\Selenium framework export\esbnetworks (2)\esbnetworks\selenium-form-automation\esb_form_submission\target\classes\log4j2.xml every 0 seconds
2026-01-28T16:41:27.281299100Z main INFO Configuration XmlConfiguration[location=C:\Selenium framework export\esbnetworks (2)\esbnetworks\selenium-form-automation\esb_form_submission\target\classes\log4j2.xml, lastModified=2025-12-25T05:00:35.468Z] started.
2026-01-28T16:41:27.287694100Z main INFO Stopping configuration org.apache.logging.log4j.core.config.DefaultConfiguration@71ba6d4e...
2026-01-28T16:41:27.288720200Z main INFO Configuration org.apache.logging.log4j.core.config.DefaultConfiguration@71ba6d4e stopped.
2026-01-28 22:11:27 [main] INFO  com.esbnetworks.automation.base.BaseTest - ----------Initializing Selenium WebDriver------------
2026-01-28 22:11:58 [main] INFO  com.esbnetworks.automation.base.BaseTest - Navigating to login page: https://newconnections.esbnetworks.ie/RenewableConnection/RenewableConnectionType
2026-01-28 22:12:06 [main] INFO  com.esbnetworks.automation.base.BaseTest - Starting Login + Form Automation Test
2026-01-28 22:12:06 [main] INFO  com.esbnetworks.automation.base.BaseTest - Logging in as: edel@solarbeo.ie
2026-01-28 22:12:11 [main] INFO  com.esbnetworks.automation.base.BasePage - Typed 'edel@solarbeo.ie' into Username Field
2026-01-28 22:12:13 [main] INFO  com.esbnetworks.automation.base.BasePage - Typed 'Cooleen12024!' into Password Field
2026-01-28 22:12:14 [main] INFO  com.esbnetworks.automation.base.BasePage - Clicked on Login Button
2026-01-28 22:12:14 [main] INFO  com.esbnetworks.automation.base.BasePage - Login action completed successfully.
2026-01-28 22:12:34 [main] INFO  com.esbnetworks.automation.base.BaseTest - ***Filling Form 001***
2026-01-28 22:12:35 [main] INFO  com.esbnetworks.automation.base.BasePage - Typed 'Donal O'Laoghaire' into Customer Name
2026-01-28 22:12:36 [main] INFO  com.esbnetworks.automation.base.BasePage - Typed 'donieboy65@yahoo.ie' into Customer Email
2026-01-28 22:12:36 [main] INFO  com.esbnetworks.automation.base.BasePage - Typed '0852838971' into Customer Phone
2026-01-28 22:12:36 [main] INFO  com.esbnetworks.automation.base.BasePage - Selecting value '1' from dropdown Installer Position
2026-01-28 22:12:37 [main] INFO  com.esbnetworks.automation.base.BasePage - Typed 'Solar Beo' into Installer Company Name
2026-01-28 22:12:37 [main] INFO  com.esbnetworks.automation.base.BasePage - Typed 'CiarÃ¡n Murphy' into Installer Name
2026-01-28 22:12:38 [main] INFO  com.esbnetworks.automation.base.BasePage - Typed '0877746021' into Installer Phone
2026-01-28 22:12:38 [main] INFO  com.esbnetworks.automation.base.BasePage - Typed '0669151045' into Installer Phone 2
2026-01-28 22:12:39 [main] INFO  com.esbnetworks.automation.base.BasePage - Typed 'edel@solarbeo.ie' into Installer Email
2026-01-28 22:12:40 [main] INFO  com.esbnetworks.automation.base.BasePage - Typed 'MILLTOWN' into House Number
2026-01-28 22:12:40 [main] INFO  com.esbnetworks.automation.base.BasePage - Typed 'DINGLE' into Street Address
2026-01-28 22:12:40 [main] INFO  com.esbnetworks.automation.base.BasePage - Typed 'Dingle' into Town/City
2026-01-28 22:12:41 [main] INFO  com.esbnetworks.automation.base.BasePage - Typed 'V92 R159' into County
2026-01-28 22:12:41 [main] INFO  com.esbnetworks.automation.base.BasePage - Selecting value '0' from dropdown Country
2026-01-28 22:12:42 [main] INFO  com.esbnetworks.automation.base.BasePage - Typed 'V92 R159' into Postal Code
2026-01-28 22:12:42 [main] INFO  com.esbnetworks.automation.base.BasePage - Clicked 'Save & Continue'
2026-01-28 22:12:42 [main] INFO  com.esbnetworks.automation.base.BaseTest - ***Filling Form 002***
2026-01-28 22:12:42 [main] INFO  com.esbnetworks.automation.base.BasePage - Clicking radio button First Install Yes
2026-01-28 22:12:45 [main] WARN  com.esbnetworks.automation.base.BasePage - Standard click failed for First Install Yes, trying JS click
2026-01-28 22:12:45 [main] INFO  com.esbnetworks.automation.base.BasePage - Typed '10303923781' into MRPN Number
2026-01-28 22:12:46 [main] INFO  com.esbnetworks.automation.base.BasePage - Typed 'N/A' into Site House
2026-01-28 22:12:47 [main] INFO  com.esbnetworks.automation.base.BasePage - Typed 'BRACKAHARAGH' into Site Street
2026-01-28 22:12:47 [main] INFO  com.esbnetworks.automation.base.BasePage - Typed 'CAHERDANIEL' into Site Town/Area
2026-01-28 22:12:48 [main] INFO  com.esbnetworks.automation.base.BasePage - Typed 'KILLARNEY' into Site City
2026-01-28 22:12:48 [main] INFO  com.esbnetworks.automation.base.BasePage - Selecting 'KERRY' from dropdown Site County
2026-01-28 22:12:48 [main] INFO  com.esbnetworks.automation.base.BasePage - Selecting 'Ireland' from dropdown Site Country
2026-01-28 22:12:49 [main] INFO  com.esbnetworks.automation.base.BasePage - Typed 'V93E4F3' into Site Eircode
2026-01-28 22:12:49 [main] INFO  com.esbnetworks.automation.base.BasePage - Clicking radio button Installed After Jan 2022
2026-01-28 22:12:50 [main] INFO  com.esbnetworks.automation.base.BasePage - Clicking radio button New Connection
2026-01-28 22:12:50 [main] INFO  com.esbnetworks.automation.base.BasePage - Clicking radio button 1 Phase
2026-01-28 22:12:50 [main] INFO  com.esbnetworks.automation.base.BasePage - Clicking radio button Energy Source: Solar
2026-01-28 22:12:51 [main] INFO  com.esbnetworks.automation.base.BasePage - Typed 'SAJ' into Manufacturer
2026-01-28 22:12:51 [main] INFO  com.esbnetworks.automation.base.BasePage - Typed 'HS3-6K-S2-W/G-P-IE' into Model
2026-01-28 22:12:52 [main] INFO  com.esbnetworks.automation.base.BasePage - Typed '5.75' into Inverter Capacity
2026-01-28 22:12:52 [main] INFO  com.esbnetworks.automation.base.BasePage - Typed '25.00' into Rated Current
2026-01-28 22:12:52 [main] INFO  com.esbnetworks.automation.base.BasePage - Typed '5.30' into Generator Installed
2026-01-28 22:12:53 [main] INFO  com.esbnetworks.automation.base.BasePage - Typed '5.00' into Storage Installed
2026-01-28 22:12:53 [main] INFO  com.esbnetworks.automation.base.BasePage - Clicking radio button Confirm Certification
2026-01-28 22:12:53 [main] INFO  com.esbnetworks.automation.base.BasePage - Clicking radio button Confirm Settings
2026-01-28 22:12:56 [main] INFO  com.esbnetworks.automation.base.BasePage - Clicked 'Save'
2026-01-28 22:13:20 [main] ERROR com.esbnetworks.automation.base.BasePage - Failed to upload file: Expected condition failed: waiting for visibility of element located by By.id: uploadedFileNm-120 (tried for 20 second(s) with 500 milliseconds interval)
Build info: version: '4.27.0', revision: 'd6e718d134'
System info: os.name: 'Windows 11', os.arch: 'amd64', os.version: '10.0', java.version: '17.0.14'
Driver info: org.openqa.selenium.chrome.ChromeDriver
Capabilities {acceptInsecureCerts: false, browserName: chrome, browserVersion: 144.0.7559.97, chrome: {chromedriverVersion: 144.0.7559.109 (6a8d5e49388..., userDataDir: C:\Users\RAMIZ~1.MON\AppDat...}, fedcm:accounts: true, goog:chromeOptions: {debuggerAddress: localhost:58081}, goog:processID: 27884, networkConnectionEnabled: false, pageLoadStrategy: normal, platformName: windows, proxy: Proxy(), se:cdp: ws://localhost:58081/devtoo..., se:cdpVersion: 144.0.7559.97, setWindowRect: true, strictFileInteractability: false, timeouts: {implicit: 0, pageLoad: 300000, script: 30000}, unhandledPromptBehavior: dismiss and notify, webauthn:extension:credBlob: true, webauthn:extension:largeBlob: true, webauthn:extension:minPinLength: true, webauthn:extension:prf: true, webauthn:virtualAuthenticators: true}
Session ID: e34fd8ff9e196f0c5330e3db7a3c1956
2026-01-28 22:13:35 [main] INFO  com.esbnetworks.automation.base.BaseTest - Unit Type Test Certificate file uploaded successfully!
2026-01-28 22:13:57 [main] ERROR com.esbnetworks.automation.base.BasePage - Failed to upload file: Expected condition failed: waiting for visibility of element located by By.id: uploadedFileNm-130 (tried for 20 second(s) with 500 milliseconds interval)
Build info: version: '4.27.0', revision: 'd6e718d134'
System info: os.name: 'Windows 11', os.arch: 'amd64', os.version: '10.0', java.version: '17.0.14'
Driver info: org.openqa.selenium.chrome.ChromeDriver
Capabilities {acceptInsecureCerts: false, browserName: chrome, browserVersion: 144.0.7559.97, chrome: {chromedriverVersion: 144.0.7559.109 (6a8d5e49388..., userDataDir: C:\Users\RAMIZ~1.MON\AppDat...}, fedcm:accounts: true, goog:chromeOptions: {debuggerAddress: localhost:58081}, goog:processID: 27884, networkConnectionEnabled: false, pageLoadStrategy: normal, platformName: windows, proxy: Proxy(), se:cdp: ws://localhost:58081/devtoo..., se:cdpVersion: 144.0.7559.97, setWindowRect: true, strictFileInteractability: false, timeouts: {implicit: 0, pageLoad: 300000, script: 30000}, unhandledPromptBehavior: dismiss and notify, webauthn:extension:credBlob: true, webauthn:extension:largeBlob: true, webauthn:extension:minPinLength: true, webauthn:extension:prf: true, webauthn:virtualAuthenticators: true}
Session ID: e34fd8ff9e196f0c5330e3db7a3c1956
2026-01-28 22:14:12 [main] INFO  com.esbnetworks.automation.base.BaseTest - Form 2 filled and file uploaded successfully!
2026-01-28 22:14:12 [main] INFO  com.esbnetworks.automation.base.BaseTest - ***Filling Form 003***
2026-01-28 22:14:12 [main] INFO  com.esbnetworks.automation.base.BasePage - JS clicked with change event: Post Registered Installer YES
2026-01-28 22:14:13 [main] INFO  com.esbnetworks.automation.base.BasePage - Typed 'A1170' into Safe Electric Number
2026-01-28 22:14:13 [main] INFO  com.esbnetworks.automation.base.BasePage - JS clicked with change event: Post Single Stage Voltage YES
2026-01-28 22:14:13 [main] INFO  com.esbnetworks.automation.base.BasePage - JS clicked with change event: Post Two Stage Voltage Settings Stage 1 YES
2026-01-28 22:14:14 [main] INFO  com.esbnetworks.automation.base.BasePage - JS clicked with change event: Post Two Stage Voltage Settings Stage 2 YES
2026-01-28 22:14:14 [main] INFO  com.esbnetworks.automation.base.BasePage - JS clicked with change event: Post Under Voltage YES
2026-01-28 22:14:14 [main] INFO  com.esbnetworks.automation.base.BasePage - JS clicked with change event: Post Over Frequency YES
2026-01-28 22:14:14 [main] INFO  com.esbnetworks.automation.base.BasePage - JS clicked with change event: Post Under Frequency YES
2026-01-28 22:14:14 [main] INFO  com.esbnetworks.automation.base.BasePage - JS clicked with change event: Post ROCOF YES
2026-01-28 22:14:14 [main] INFO  com.esbnetworks.automation.base.BasePage - JS clicked with change event: Post Vector Shift YES
2026-01-28 22:14:15 [main] INFO  com.esbnetworks.automation.base.BasePage - JS clicked with change event: Post Installation Confirmed by Installer
2026-01-28 22:14:15 [main] INFO  com.esbnetworks.automation.base.BasePage - Clicked 'Save & Continue' on Form 3
2026-01-28 22:14:21 [main] INFO  com.esbnetworks.automation.base.BaseTest - Form 3 filled and checkbox clicked successfully!
2026-01-28 22:14:21 [main] INFO  com.esbnetworks.automation.base.BasePage - Clicked 'Submit Application'
2026-01-28 22:14:36 [main] INFO  com.esbnetworks.automation.base.BaseTest - Form submitted successfully!
]]></system-out>
    <system-err><![CDATA[SLF4J: Failed to load class "org.slf4j.impl.StaticLoggerBinder".
SLF4J: Defaulting to no-operation (NOP) logger implementation
SLF4J: See http://www.slf4j.org/codes.html#StaticLoggerBinder for further details.
Jan 28, 2026 10:11:58 PM org.openqa.selenium.devtools.CdpVersionFinder findNearestMatch
WARNING: Unable to find CDP implementation matching 144
Jan 28, 2026 10:11:58 PM org.openqa.selenium.chromium.ChromiumDriver lambda$new$5
WARNING: Unable to find version of CDP to use for 144.0.7559.97. You may need to include a dependency on a specific version of the CDP using something similar to `org.seleniumhq.selenium:selenium-devtools-v86:4.27.0` where the version ("v86") matches the version of the chromium-based browser you're using and the version number of the artifact is the same as Selenium's.
]]></system-err>
  </testcase>
</testsuite>