<?xml version="1.0" encoding="UTF-8"?>
<testng-results ignored="0" total="1" passed="1" failed="0" skipped="0">
  <reporter-output>
  </reporter-output>
  <suite started-at="2026-01-29T16:17:34 IST" name="ESB Networks Automation Suite" finished-at="2026-01-29T16:20:04 IST" duration-ms="150421">
    <groups>
    </groups>
    <test started-at="2026-01-29T16:17:34 IST" name="Form Automation Tests" finished-at="2026-01-29T16:20:04 IST" duration-ms="150421">
      <class name="com.esbnetworks.tests.FormAutomationTest">
        <test-method is-config="true" signature="setUp()[pri:0, instance:com.esbnetworks.tests.FormAutomationTest@21337f7b]" started-at="2026-01-29T16:17:34 IST" name="setUp" finished-at="2026-01-29T16:17:53 IST" duration-ms="19082" status="PASS">
          <reporter-output>
          </reporter-output>
        </test-method> <!-- setUp -->
        <test-method signature="testLoginAndFillForm()[pri:0, instance:com.esbnetworks.tests.FormAutomationTest@21337f7b]" started-at="2026-01-29T16:17:53 IST" name="testLoginAndFillForm" finished-at="2026-01-29T16:20:04 IST" duration-ms="130597" status="PASS">
          <reporter-output>
          </reporter-output>
        </test-method> <!-- testLoginAndFillForm -->
        <test-method is-config="true" signature="tearDown()[pri:0, instance:com.esbnetworks.tests.FormAutomationTest@21337f7b]" started-at="2026-01-29T16:20:04 IST" name="tearDown" finished-at="2026-01-29T16:20:04 IST" duration-ms="652" status="PASS">
          <reporter-output>
          </reporter-output>
        </test-method> <!-- tearDown -->
      </class> <!-- com.esbnetworks.tests.FormAutomationTest -->
    </test> <!-- Form Automation Tests -->
  </suite> <!-- ESB Networks Automation Suite -->
</testng-results>
