<?xml version="1.0" encoding="UTF-8"?>
<testsuite xmlns:xsi="http://www.w3.org/2001/XMLSchema-instance" xsi:noNamespaceSchemaLocation="https://maven.apache.org/surefire/maven-surefire-plugin/xsd/surefire-test-report.xsd" version="3.0.2" name="com.esbnetworks.tests.FormAutomationTest" time="94.932" tests="1" errors="0" skipped="0" failures="0">
  <properties>
[...]
</properties>
  <testcase name="testLoginAndFillForm" classname="com.esbnetworks.tests.FormAutomationTest" time="81.969">
    <system-out><![CDATA[2026-01-02T05:04:07.464186600Z main INFO Starting configuration XmlConfiguration[location=C:\Selenium framework export\esbnetworks (2)\esbnetworks\selenium-form-automation\java_project\target\classes\log4j2.xml, lastModified=2025-12-25T05:00:35.468Z]...
2026-01-02T05:04:07.465840600Z main INFO Start watching for changes to C:\Selenium framework export\esbnetworks (2)\esbnetworks\selenium-form-automation\java_project\target\classes\log4j2.xml every 0 seconds
2026-01-02T05:04:07.467866Z main INFO Configuration XmlConfiguration[location=C:\Selenium framework export\esbnetworks (2)\esbnetworks\selenium-form-automation\java_project\target\classes\log4j2.xml, lastModified=2025-12-25T05:00:35.468Z] started.
2026-01-02T05:04:07.469877Z main INFO Stopping configuration org.apache.logging.log4j.core.config.DefaultConfiguration@4efc180e...
2026-01-02T05:04:07.471888800Z main INFO Configuration org.apache.logging.log4j.core.config.DefaultConfiguration@4efc180e stopped.
2026-01-02 10:34:07 [main] INFO  com.esbnetworks.automation.base.BaseTest - ----------Initializing Selenium WebDriver------------
2026-01-02 10:34:15 [main] INFO  com.esbnetworks.automation.base.BaseTest - Navigating to login page: https://newconnections.esbnetworks.ie/RenewableConnection/RenewableConnectionType
2026-01-02 10:34:18 [main] INFO  com.esbnetworks.automation.base.BaseTest - Starting Login + Form Automation Test
2026-01-02 10:34:18 [main] INFO  com.esbnetworks.automation.base.BaseTest - Logging in as: edel@solarbeo.ie
2026-01-02 10:34:18 [main] INFO  com.esbnetworks.automation.base.BasePage - Typing 'edel@solarbeo.ie' into Username Field
2026-01-02 10:34:19 [main] INFO  com.esbnetworks.automation.base.BasePage - Typing 'Cooleen12024!' into Password Field
2026-01-02 10:34:20 [main] INFO  com.esbnetworks.automation.base.BasePage - Clicking Login Button
2026-01-02 10:34:20 [main] INFO  com.esbnetworks.automation.base.BasePage - Login action completed successfully.
2026-01-02 10:34:41 [main] INFO  com.esbnetworks.automation.base.BaseTest - ***Filling Form 001***
2026-01-02 10:34:41 [main] INFO  com.esbnetworks.automation.base.BasePage - Typing 'Patrick O'Donnell' into Customer Name
2026-01-02 10:34:41 [main] INFO  com.esbnetworks.automation.base.BasePage - Typing 'patrick.odonnell@example.com' into Customer Email
2026-01-02 10:34:41 [main] INFO  com.esbnetworks.automation.base.BasePage - Typing '0864123987' into Customer Phone
2026-01-02 10:34:42 [main] INFO  com.esbnetworks.automation.base.BasePage - Selecting value '1' from dropdown Installer Position
2026-01-02 10:34:42 [main] INFO  com.esbnetworks.automation.base.BasePage - Typing 'EcoVolt Energy Ltd.' into Installer Company Name
2026-01-02 10:34:42 [main] INFO  com.esbnetworks.automation.base.BasePage - Typing 'Mark Heffernan' into Installer Name
2026-01-02 10:34:43 [main] INFO  com.esbnetworks.automation.base.BasePage - Typing '0877741201' into Installer Phone
2026-01-02 10:34:43 [main] INFO  com.esbnetworks.automation.base.BasePage - Typing '0859123412' into Installer Phone 2
2026-01-02 10:34:43 [main] INFO  com.esbnetworks.automation.base.BasePage - Typing 'mark.heffernan@ecovolt.ie' into Installer Email
2026-01-02 10:34:44 [main] INFO  com.esbnetworks.automation.base.BasePage - Typing '12' into House Number
2026-01-02 10:34:44 [main] INFO  com.esbnetworks.automation.base.BasePage - Typing 'Rathmore Lane' into Street Address
2026-01-02 10:34:44 [main] INFO  com.esbnetworks.automation.base.BasePage - Typing 'Athboy' into Town/City
2026-01-02 10:34:44 [main] INFO  com.esbnetworks.automation.base.BasePage - Typing 'Meath' into County
2026-01-02 10:34:44 [main] INFO  com.esbnetworks.automation.base.BasePage - Selecting value '0' from dropdown Country
2026-01-02 10:34:45 [main] INFO  com.esbnetworks.automation.base.BasePage - Typing 'A82 YD93' into Postal Code
2026-01-02 10:34:45 [main] INFO  com.esbnetworks.automation.base.BasePage - Clicked 'Save & Continue'
2026-01-02 10:34:45 [main] INFO  com.esbnetworks.automation.base.BaseTest - ***Filling Form 002***
2026-01-02 10:34:45 [main] INFO  com.esbnetworks.automation.base.BasePage - Clicking radio button First Install Yes
2026-01-02 10:34:48 [main] WARN  com.esbnetworks.automation.base.BasePage - Standard click failed for First Install Yes, trying JS click
2026-01-02 10:34:48 [main] INFO  com.esbnetworks.automation.base.BasePage - Typing '10005432341' into MRPN Number
2026-01-02 10:34:48 [main] INFO  com.esbnetworks.automation.base.BasePage - Typing 'Site House 1' into Site House
2026-01-02 10:34:49 [main] INFO  com.esbnetworks.automation.base.BasePage - Typing 'Site Street' into Site Street
2026-01-02 10:34:49 [main] INFO  com.esbnetworks.automation.base.BasePage - Typing 'Site Area' into Site Town/Area
2026-01-02 10:34:49 [main] INFO  com.esbnetworks.automation.base.BasePage - Typing 'Dublin' into Site City
2026-01-02 10:34:49 [main] INFO  com.esbnetworks.automation.base.BasePage - Selecting 'CORK' from dropdown Site County
2026-01-02 10:34:50 [main] INFO  com.esbnetworks.automation.base.BasePage - Selecting 'Ireland' from dropdown Site Country
2026-01-02 10:34:50 [main] INFO  com.esbnetworks.automation.base.BasePage - Typing 'D01 AB12' into Site Eircode
2026-01-02 10:34:50 [main] INFO  com.esbnetworks.automation.base.BasePage - Clicking radio button Installed After Jan 2022
2026-01-02 10:34:51 [main] WARN  com.esbnetworks.automation.base.BasePage - Standard click failed for Installed After Jan 2022, trying JS click
2026-01-02 10:34:51 [main] INFO  com.esbnetworks.automation.base.BasePage - Clicking radio button New Connection
2026-01-02 10:34:52 [main] WARN  com.esbnetworks.automation.base.BasePage - Standard click failed for New Connection, trying JS click
2026-01-02 10:34:52 [main] INFO  com.esbnetworks.automation.base.BasePage - Clicking radio button 1 Phase
2026-01-02 10:34:54 [main] WARN  com.esbnetworks.automation.base.BasePage - Standard click failed for 1 Phase, trying JS click
2026-01-02 10:34:54 [main] INFO  com.esbnetworks.automation.base.BasePage - Clicking radio button Energy Source: Solar
2026-01-02 10:34:55 [main] WARN  com.esbnetworks.automation.base.BasePage - Standard click failed for Energy Source: Solar, trying JS click
2026-01-02 10:34:55 [main] INFO  com.esbnetworks.automation.base.BasePage - Typing 'Test Manufacturer' into Manufacturer
2026-01-02 10:34:55 [main] INFO  com.esbnetworks.automation.base.BasePage - Typing 'Test Model X' into Model
2026-01-02 10:34:55 [main] INFO  com.esbnetworks.automation.base.BasePage - Typing '5.0' into Inverter Capacity
2026-01-02 10:34:56 [main] INFO  com.esbnetworks.automation.base.BasePage - Typing '20.0' into Rated Current
2026-01-02 10:34:56 [main] INFO  com.esbnetworks.automation.base.BasePage - Typing '3.00' into Generator Installed
2026-01-02 10:34:56 [main] INFO  com.esbnetworks.automation.base.BasePage - Typing '2.00' into Storage Installed
2026-01-02 10:34:57 [main] INFO  com.esbnetworks.automation.base.BasePage - Clicking radio button Confirm Certification
2026-01-02 10:34:58 [main] WARN  com.esbnetworks.automation.base.BasePage - Standard click failed for Confirm Certification, trying JS click
2026-01-02 10:34:58 [main] INFO  com.esbnetworks.automation.base.BasePage - Clicking radio button Confirm Settings
2026-01-02 10:34:59 [main] WARN  com.esbnetworks.automation.base.BasePage - Standard click failed for Confirm Settings, trying JS click
2026-01-02 10:35:04 [main] INFO  com.esbnetworks.automation.base.BasePage - Clicked 'Save'
2026-01-02 10:35:09 [main] INFO  com.esbnetworks.automation.base.BasePage - Clicking radio button Upload File 1
2026-01-02 10:35:29 [main] WARN  com.esbnetworks.automation.base.BasePage - Standard click failed for Upload File 1, trying JS click
2026-01-02 10:35:31 [main] INFO  com.esbnetworks.automation.base.BasePage - Sent keys to file input: C:\Users\ramiz.mondal\Downloads\samplePDF.pdf
2026-01-02 10:35:33 [main] INFO  com.esbnetworks.automation.base.BasePage - Clicked 'Attach' in modal
2026-01-02 10:35:35 [main] INFO  com.esbnetworks.automation.base.BaseTest - Form filled and file uploaded successfully!
]]></system-out>
    <system-err><![CDATA[SLF4J: Failed to load class "org.slf4j.impl.StaticLoggerBinder".
SLF4J: Defaulting to no-operation (NOP) logger implementation
SLF4J: See http://www.slf4j.org/codes.html#StaticLoggerBinder for further details.
Jan 02, 2026 10:34:15 AM org.openqa.selenium.devtools.CdpVersionFinder findNearestMatch
WARNING: Unable to find CDP implementation matching 143
Jan 02, 2026 10:34:15 AM org.openqa.selenium.chromium.ChromiumDriver lambda$new$5
WARNING: Unable to find version of CDP to use for 143.0.7499.170. You may need to include a dependency on a specific version of the CDP using something similar to `org.seleniumhq.selenium:selenium-devtools-v86:4.27.0` where the version ("v86") matches the version of the chromium-based browser you're using and the version number of the artifact is the same as Selenium's.
]]></system-err>
  </testcase>
</testsuite>