<?xml version="1.0" encoding="UTF-8"?>
<testng-results ignored="0" total="1" passed="1" failed="0" skipped="0">
  <reporter-output>
  </reporter-output>
  <suite started-at="2026-01-03T09:54:04 IST" name="ESB Networks Automation Suite" finished-at="2026-01-03T09:55:35 IST" duration-ms="90600">
    <groups>
    </groups>
    <test started-at="2026-01-03T09:54:04 IST" name="Form Automation Tests" finished-at="2026-01-03T09:55:35 IST" duration-ms="90600">
      <class name="com.esbnetworks.tests.FormAutomationTest">
        <test-method is-config="true" signature="setUp()[pri:0, instance:com.esbnetworks.tests.FormAutomationTest@2bb3058]" started-at="2026-01-03T09:54:04 IST" name="setUp" finished-at="2026-01-03T09:54:16 IST" duration-ms="11789" status="PASS">
          <reporter-output>
          </reporter-output>
        </test-method> <!-- setUp -->
        <test-method signature="testLoginAndFillForm()[pri:0, instance:com.esbnetworks.tests.FormAutomationTest@2bb3058]" started-at="2026-01-03T09:54:16 IST" name="testLoginAndFillForm" finished-at="2026-01-03T09:55:35 IST" duration-ms="78416" status="PASS">
          <reporter-output>
          </reporter-output>
        </test-method> <!-- testLoginAndFillForm -->
        <test-method is-config="true" signature="tearDown()[pri:0, instance:com.esbnetworks.tests.FormAutomationTest@2bb3058]" started-at="2026-01-03T09:55:35 IST" name="tearDown" finished-at="2026-01-03T09:55:35 IST" duration-ms="349" status="PASS">
          <reporter-output>
          </reporter-output>
        </test-method> <!-- tearDown -->
      </class> <!-- com.esbnetworks.tests.FormAutomationTest -->
    </test> <!-- Form Automation Tests -->
  </suite> <!-- ESB Networks Automation Suite -->
</testng-results>
